Using pre-set license
Built from '2021.3/release' branch; Version is '2021.3.12f1 (8af3c3e441b1) revision 9106371'; Using compiler version '192829333'; Build Type 'Release'
OS: 'Windows 10  (10.0.19042) 64bit Professional' Language: 'ru' Physical Memory: 4001 MB
BatchMode: 1, IsHumanControllingUs: 0, StartBugReporterOnCrash: 0, Is64bit: 1, IsPro: 1

COMMAND LINE ARGUMENTS:
C:\Program Files\Unity\Hub\Editor\2021.3.12f1\Editor\Unity.exe
-adb2
-batchMode
-noUpm
-name
AssetImportWorker1
-projectPath
C:/Users/1/source/Github/matchesbet
-logFile
Logs/AssetImportWorker1.log
-srvPort
63010
Successfully changed project path to: C:/Users/1/source/Github/matchesbet
C:/Users/1/source/Github/matchesbet
[UnityMemory] Configuration Parameters - Can be set up in boot.config
    "memorysetup-bucket-allocator-granularity=16"
    "memorysetup-bucket-allocator-bucket-count=8"
    "memorysetup-bucket-allocator-block-size=33554432"
    "memorysetup-bucket-allocator-block-count=8"
    "memorysetup-main-allocator-block-size=16777216"
    "memorysetup-thread-allocator-block-size=16777216"
    "memorysetup-gfx-main-allocator-block-size=16777216"
    "memorysetup-gfx-thread-allocator-block-size=16777216"
    "memorysetup-cache-allocator-block-size=4194304"
    "memorysetup-typetree-allocator-block-size=2097152"
    "memorysetup-profiler-bucket-allocator-granularity=16"
    "memorysetup-profiler-bucket-allocator-bucket-count=8"
    "memorysetup-profiler-bucket-allocator-block-size=33554432"
    "memorysetup-profiler-bucket-allocator-block-count=8"
    "memorysetup-profiler-allocator-block-size=16777216"
    "memorysetup-profiler-editor-allocator-block-size=1048576"
    "memorysetup-temp-allocator-size-main=16777216"
    "memorysetup-job-temp-allocator-block-size=2097152"
    "memorysetup-job-temp-allocator-block-size-background=1048576"
    "memorysetup-job-temp-allocator-reduction-small-platforms=262144"
    "memorysetup-temp-allocator-size-background-worker=32768"
    "memorysetup-temp-allocator-size-job-worker=262144"
    "memorysetup-temp-allocator-size-preload-manager=33554432"
    "memorysetup-temp-allocator-size-nav-mesh-worker=65536"
    "memorysetup-temp-allocator-size-audio-worker=65536"
    "memorysetup-temp-allocator-size-cloud-worker=32768"
    "memorysetup-temp-allocator-size-gi-baking-worker=262144"
    "memorysetup-temp-allocator-size-gfx=262144"
Refreshing native plugins compatible for Editor in 825.20 ms, found 2 plugins.
Preloading 0 native plugins for Editor in 0.00 ms.
Initialize engine version: 2021.3.12f1 (8af3c3e441b1)
[Subsystems] Discovering subsystems at path C:/Program Files/Unity/Hub/Editor/2021.3.12f1/Editor/Data/Resources/UnitySubsystems
[Subsystems] Discovering subsystems at path C:/Users/1/source/Github/matchesbet/Assets
GfxDevice: creating device client; threaded=0; jobified=0
Direct3D:
    Version:  Direct3D 11.0 [level 11.1]
    Renderer: Intel(R) HD Graphics (ID=0x22b1)
    Vendor:   Intel
    VRAM:     2000 MB
    Driver:   20.19.15.4568
Initialize mono
Mono path[0] = 'C:/Program Files/Unity/Hub/Editor/2021.3.12f1/Editor/Data/Managed'
Mono path[1] = 'C:/Program Files/Unity/Hub/Editor/2021.3.12f1/Editor/Data/MonoBleedingEdge/lib/mono/unityjit-win32'
Mono config path = 'C:/Program Files/Unity/Hub/Editor/2021.3.12f1/Editor/Data/MonoBleedingEdge/etc'
Using monoOptions --debugger-agent=transport=dt_socket,embedding=1,server=y,suspend=n,address=127.0.0.1:56308
Begin MonoManager ReloadAssembly
Registering precompiled unity dll's ...
Register platform support module: C:/Program Files/Unity/Hub/Editor/2021.3.12f1/Editor/Data/PlaybackEngines/WebGLSupport/UnityEditor.WebGL.Extensions.dll
Register platform support module: C:/Program Files/Unity/Hub/Editor/2021.3.12f1/Editor/Data/PlaybackEngines/AndroidPlayer/UnityEditor.Android.Extensions.dll
Register platform support module: C:/Program Files/Unity/Hub/Editor/2021.3.12f1/Editor/Data/PlaybackEngines/WindowsStandaloneSupport/UnityEditor.WindowsStandalone.Extensions.dll
Registered in 0.074583 seconds.
Native extension for WindowsStandalone target not found
Native extension for Android target not found
Native extension for WebGL target not found
Refreshing native plugins compatible for Editor in 300.08 ms, found 2 plugins.
Preloading 0 native plugins for Editor in 0.00 ms.
Mono: successfully reloaded assembly
- Completed reload, in  5.318 seconds
Domain Reload Profiling:
	ReloadAssembly (5321ms)
		BeginReloadAssembly (622ms)
			ExecutionOrderSort (0ms)
			DisableScriptedObjects (0ms)
			BackupInstance (0ms)
			ReleaseScriptingObjects (0ms)
			CreateAndSetChildDomain (3ms)
		EndReloadAssembly (3745ms)
			LoadAssemblies (616ms)
			RebuildTransferFunctionScriptingTraits (0ms)
			SetupTypeCache (906ms)
			ReleaseScriptCaches (0ms)
			RebuildScriptCaches (264ms)
			SetupLoadedEditorAssemblies (2260ms)
				LogAssemblyErrors (0ms)
				InitializePlatformSupportModulesInManaged (380ms)
				SetLoadedEditorAssemblies (3ms)
				RefreshPlugins (300ms)
				BeforeProcessingInitializeOnLoad (5ms)
				ProcessInitializeOnLoadAttributes (1104ms)
				ProcessInitializeOnLoadMethodAttributes (466ms)
				AfterProcessingInitializeOnLoad (0ms)
				EditorAssembliesLoaded (1ms)
			ExecutionOrderSort2 (0ms)
			AwakeInstancesAfterBackupRestoration (0ms)
Platform modules already initialized, skipping
Registering precompiled user dll's ...
Registered in 0.068555 seconds.
Begin MonoManager ReloadAssembly
Symbol file LoadedFromMemory is not a mono symbol file
Symbol file LoadedFromMemory is not a mono symbol file
Symbol file LoadedFromMemory is not a mono symbol file
Native extension for WindowsStandalone target not found
Native extension for Android target not found
Native extension for WebGL target not found
Refreshing native plugins compatible for Editor in 5.50 ms, found 2 plugins.
Preloading 0 native plugins for Editor in 0.00 ms.
System.Reflection.AmbiguousMatchException: Ambiguous match found.
  at System.RuntimeType.GetMethodImplCommon (System.String name, System.Int32 genericParameterCount, System.Reflection.BindingFlags bindingAttr, System.Reflection.Binder binder, System.Reflection.CallingConventions callConv, System.Type[] types, System.Reflection.ParameterModifier[] modifiers) [0x00050] in <c9d3ffd4b98649ee9989e1908eaca019>:0 
  at System.RuntimeType.GetMethodImpl (System.String name, System.Reflection.BindingFlags bindingAttr, System.Reflection.Binder binder, System.Reflection.CallingConventions callConv, System.Type[] types, System.Reflection.ParameterModifier[] modifiers) [0x00000] in <c9d3ffd4b98649ee9989e1908eaca019>:0 
  at System.Type.GetMethod (System.String name, System.Reflection.BindingFlags bindingAttr) [0x0000e] in <c9d3ffd4b98649ee9989e1908eaca019>:0 
  at System.Type.GetMethod (System.String name) [0x00000] in <c9d3ffd4b98649ee9989e1908eaca019>:0 
  at GooglePlayServices.UnityCompat.GetUnity56AndAboveApplicationIdentifier (UnityEditor.BuildTarget buildTarget) [0x00000] in /usr/local/google/home/cleoschneider/google-play-resolver/unity-jar-resolver/source/PlayServicesResolver/src/UnityCompat.cs:288 
  at GooglePlayServices.UnityCompat.GetApplicationId (UnityEditor.BuildTarget buildTarget) [0x00000] in /usr/local/google/home/cleoschneider/google-play-resolver/unity-jar-resolver/source/PlayServicesResolver/src/UnityCompat.cs:342 
  at GooglePlayServices.PlayServicesResolver.GetAndroidApplicationId () [0x00000] in /usr/local/google/home/cleoschneider/google-play-resolver/unity-jar-resolver/source/PlayServicesResolver/src/PlayServicesResolver.cs:687 
  at GooglePlayServices.PlayServicesResolver..cctor () [0x00020] in <868e4208026c4dc788c7126c6072ffa8>:0 
UnityEngine.StackTraceUtility:ExtractStackTrace ()
UnityEngine.DebugLogHandler:LogFormat (UnityEngine.LogType,UnityEngine.Object,string,object[])
UnityEngine.Logger:Log (UnityEngine.LogType,object)
UnityEngine.Debug:LogError (object)
UnityEditor.EditorAssemblies:ProcessInitializeOnLoadAttributes (System.Type[])

Package Manager log level set to [2]
Mono: successfully reloaded assembly
- Completed reload, in  8.214 seconds
Domain Reload Profiling:
	ReloadAssembly (8219ms)
		BeginReloadAssembly (870ms)
			ExecutionOrderSort (0ms)
			DisableScriptedObjects (31ms)
			BackupInstance (0ms)
			ReleaseScriptingObjects (1ms)
			CreateAndSetChildDomain (378ms)
		EndReloadAssembly (6736ms)
			LoadAssemblies (454ms)
			RebuildTransferFunctionScriptingTraits (0ms)
			SetupTypeCache (1299ms)
			ReleaseScriptCaches (2ms)
			RebuildScriptCaches (349ms)
			SetupLoadedEditorAssemblies (4246ms)
				LogAssemblyErrors (0ms)
				InitializePlatformSupportModulesInManaged (89ms)
				SetLoadedEditorAssemblies (2ms)
				RefreshPlugins (6ms)
				BeforeProcessingInitializeOnLoad (477ms)
				ProcessInitializeOnLoadAttributes (2684ms)
				ProcessInitializeOnLoadMethodAttributes (960ms)
				AfterProcessingInitializeOnLoad (27ms)
				EditorAssembliesLoaded (1ms)
			ExecutionOrderSort2 (0ms)
			AwakeInstancesAfterBackupRestoration (26ms)
Platform modules already initialized, skipping
========================================================================
Worker process is ready to serve import requests
Launched and connected shader compiler UnityShaderCompiler.exe after 0.15 seconds
Refreshing native plugins compatible for Editor in 6.26 ms, found 2 plugins.
Preloading 0 native plugins for Editor in 0.00 ms.
Unloading 2761 Unused Serialized files (Serialized files now loaded: 0)
Unloading 151 unused Assets / (60.8 KB). Loaded Objects now: 3139.
Memory consumption went from 104.0 MB to 103.9 MB.
Total: 40.547500 ms (FindLiveObjects: 1.295600 ms CreateObjectMapping: 1.991200 ms MarkObjects: 28.522100 ms  DeleteObjects: 8.732100 ms)

AssetImportParameters requested are different than current active one (requested -> active):
  custom:video-decoder-ogg-theora: a1e56fd34408186e4bbccfd4996cb3dc -> 
  custom:container-muxer-webm: aa71ff27fc2769a1b78a27578f13a17b -> 
  custom:container-demuxer-webm: 4f35f7cbe854078d1ac9338744f61a02 -> 
  custom:video-encoder-webm-vp8: eb34c28f22e8b96e1ab97ce403110664 -> 
  custom:audio-encoder-webm-vorbis: bf7c407c2cedff20999df2af8eb42d56 -> 
  custom:framework-win-MediaFoundation: 216162199b28c13a410421893ffa2e32 -> 
  custom:container-demuxer-ogg: 62fdf1f143b41e24485cea50d1cbac27 -> 
  custom:video-decoder-webm-vp8: 9c59270c3fd7afecdb556c50c9e8de78 -> 
  custom:audio-decoder-ogg-vorbis: bf7c407c2cedff20999df2af8eb42d56 -> 
========================================================================
Received Import Request.
  Time since last request: 44299.289710 seconds.
  path: Assets/PlayServicesResolver/Editor/Google.VersionHandler.dll.mdb
  artifactKey: Guid(2dab91ac75f54a78ad1171b757f68f18) Importer(815301076,1909f56bfc062723c751e8b465ee728b)
Start importing Assets/PlayServicesResolver/Editor/Google.VersionHandler.dll.mdb using Guid(2dab91ac75f54a78ad1171b757f68f18) Importer(815301076,1909f56bfc062723c751e8b465ee728b)  -> (artifact id: 'b85d13da4260f703d69c0874bb1cfd44') in 0.114523 seconds 
========================================================================
Received Import Request.
  Time since last request: 0.000080 seconds.
  path: Assets/PlayServicesResolver/Editor/Google.IOSResolver_v1.2.102.0.dll
  artifactKey: Guid(ceb87906bbbd45b79cc63a912b9f56e4) Importer(815301076,1909f56bfc062723c751e8b465ee728b)
Start importing Assets/PlayServicesResolver/Editor/Google.IOSResolver_v1.2.102.0.dll using Guid(ceb87906bbbd45b79cc63a912b9f56e4) Importer(815301076,1909f56bfc062723c751e8b465ee728b)  -> (artifact id: '82fc8f8716aa023f210cffafadf3c6a8') in 0.016617 seconds 
========================================================================
Received Import Request.
  Time since last request: 0.000096 seconds.
  path: Assets/PlayServicesResolver/Editor/Google.VersionHandlerImpl_v1.2.102.0.dll.mdb
  artifactKey: Guid(5a3803e6b09841afbdc45fd712176c4e) Importer(815301076,1909f56bfc062723c751e8b465ee728b)
Start importing Assets/PlayServicesResolver/Editor/Google.VersionHandlerImpl_v1.2.102.0.dll.mdb using Guid(5a3803e6b09841afbdc45fd712176c4e) Importer(815301076,1909f56bfc062723c751e8b465ee728b)  -> (artifact id: '37efe1ed6fb643bdcc69ad3d365e529d') in 0.012539 seconds 
========================================================================
Received Import Request.
  Time since last request: 0.000084 seconds.
  path: Assets/PlayServicesResolver/Editor/Google.VersionHandler.dll
  artifactKey: Guid(79417b5310a34df1976fdfbe166a2b53) Importer(815301076,1909f56bfc062723c751e8b465ee728b)
Start importing Assets/PlayServicesResolver/Editor/Google.VersionHandler.dll using Guid(79417b5310a34df1976fdfbe166a2b53) Importer(815301076,1909f56bfc062723c751e8b465ee728b)  -> (artifact id: '96f49141ae337d0c5d88cb4eede36fa2') in 0.042528 seconds 
========================================================================
Received Import Request.
  Time since last request: 0.000650 seconds.
  path: Assets/PlayServicesResolver/Editor/Google.VersionHandlerImpl_v1.2.105.0.dll
  artifactKey: Guid(022daaaab6ec46e099284cbc815d1474) Importer(815301076,1909f56bfc062723c751e8b465ee728b)
Start importing Assets/PlayServicesResolver/Editor/Google.VersionHandlerImpl_v1.2.105.0.dll using Guid(022daaaab6ec46e099284cbc815d1474) Importer(815301076,1909f56bfc062723c751e8b465ee728b)  -> (artifact id: '7f1fdf4f4758f779ab48ffeabb41d385') in 0.006321 seconds 
========================================================================
Received Import Request.
  Time since last request: 0.000081 seconds.
  path: Assets/PlayServicesResolver/Editor/Google.VersionHandlerImpl_v1.2.105.0.dll.mdb
  artifactKey: Guid(36837733a9fa4e41b2da8252502881a8) Importer(815301076,1909f56bfc062723c751e8b465ee728b)
Start importing Assets/PlayServicesResolver/Editor/Google.VersionHandlerImpl_v1.2.105.0.dll.mdb using Guid(36837733a9fa4e41b2da8252502881a8) Importer(815301076,1909f56bfc062723c751e8b465ee728b)  -> (artifact id: '0a2965ad8983fc1cbdb94807e60510ee') in 0.006910 seconds 
========================================================================
Received Import Request.
  Time since last request: 0.000077 seconds.
  path: Assets/PlayServicesResolver/Editor/Google.IOSResolver_v1.2.102.0.dll.mdb
  artifactKey: Guid(bdca12b389be428e9c46ee3a3c9cf6de) Importer(815301076,1909f56bfc062723c751e8b465ee728b)
Start importing Assets/PlayServicesResolver/Editor/Google.IOSResolver_v1.2.102.0.dll.mdb using Guid(bdca12b389be428e9c46ee3a3c9cf6de) Importer(815301076,1909f56bfc062723c751e8b465ee728b)  -> (artifact id: 'b69efca031fad023a4e6c960a8095264') in 0.006887 seconds 
========================================================================
Received Import Request.
  Time since last request: 0.000183 seconds.
  path: Assets/PlayServicesResolver/Editor/Google.IOSResolver_v1.2.105.0.dll.mdb
  artifactKey: Guid(a5b80a2d7fa648b3a06b58869598fc34) Importer(815301076,1909f56bfc062723c751e8b465ee728b)
Start importing Assets/PlayServicesResolver/Editor/Google.IOSResolver_v1.2.105.0.dll.mdb using Guid(a5b80a2d7fa648b3a06b58869598fc34) Importer(815301076,1909f56bfc062723c751e8b465ee728b)  -> (artifact id: 'd9989b33746efdc2ad0945ba52fb992c') in 0.006710 seconds 
========================================================================
Received Import Request.
  Time since last request: 0.000086 seconds.
  path: Assets/PlayServicesResolver/Editor/Google.JarResolver_v1.2.105.0.dll.mdb
  artifactKey: Guid(de612fb8de8f423c811554387355e615) Importer(815301076,1909f56bfc062723c751e8b465ee728b)
Start importing Assets/PlayServicesResolver/Editor/Google.JarResolver_v1.2.105.0.dll.mdb using Guid(de612fb8de8f423c811554387355e615) Importer(815301076,1909f56bfc062723c751e8b465ee728b)  -> (artifact id: '8c28c3e975031c0a2b4eb4072367a1a9') in 0.012441 seconds 
========================================================================
Received Import Request.
  Time since last request: 0.000071 seconds.
  path: Assets/PlayServicesResolver/Editor/Google.IOSResolver_v1.2.105.0.dll
  artifactKey: Guid(8408a71524f84e309a3f9c49ab61a28c) Importer(815301076,1909f56bfc062723c751e8b465ee728b)
Start importing Assets/PlayServicesResolver/Editor/Google.IOSResolver_v1.2.105.0.dll using Guid(8408a71524f84e309a3f9c49ab61a28c) Importer(815301076,1909f56bfc062723c751e8b465ee728b)  -> (artifact id: '229e1cf2e85d7c97121805adc2228eb4') in 0.032046 seconds 
========================================================================
Received Import Request.
  Time since last request: 0.000974 seconds.
  path: Assets/PlayServicesResolver
  artifactKey: Guid(3c11661563ccb4a4b968cf236ddc3ac8) Importer(815301076,1909f56bfc062723c751e8b465ee728b)
Start importing Assets/PlayServicesResolver using Guid(3c11661563ccb4a4b968cf236ddc3ac8) Importer(815301076,1909f56bfc062723c751e8b465ee728b)  -> (artifact id: '9516461396a307c24d5729583a6ab622') in 0.005390 seconds 
========================================================================
Received Import Request.
  Time since last request: 0.000166 seconds.
  path: Assets/PlayServicesResolver/Editor/Google.JarResolver_v1.2.105.0.dll
  artifactKey: Guid(377d33c35ab94d788cdf3ce533fc5f70) Importer(815301076,1909f56bfc062723c751e8b465ee728b)
Start importing Assets/PlayServicesResolver/Editor/Google.JarResolver_v1.2.105.0.dll using Guid(377d33c35ab94d788cdf3ce533fc5f70) Importer(815301076,1909f56bfc062723c751e8b465ee728b)  -> (artifact id: 'db096bbc8d5da56b37c796b7355469e3') in 0.014522 seconds 
========================================================================
Received Import Request.
  Time since last request: 0.000172 seconds.
  path: Assets/PlayServicesResolver/Editor/Google.VersionHandlerImpl_v1.2.102.0.dll
  artifactKey: Guid(2d59d5c6ad0f462696d9674e4066e987) Importer(815301076,1909f56bfc062723c751e8b465ee728b)
Start importing Assets/PlayServicesResolver/Editor/Google.VersionHandlerImpl_v1.2.102.0.dll using Guid(2d59d5c6ad0f462696d9674e4066e987) Importer(815301076,1909f56bfc062723c751e8b465ee728b)  -> (artifact id: 'ad2740d98f8689ddc0f620336106c1aa') in 0.006169 seconds 
========================================================================
Received Import Request.
  Time since last request: 0.000078 seconds.
  path: Assets/PlayServicesResolver/Editor
  artifactKey: Guid(803310aa369fc6947b790cb72c1c8935) Importer(815301076,1909f56bfc062723c751e8b465ee728b)
Start importing Assets/PlayServicesResolver/Editor using Guid(803310aa369fc6947b790cb72c1c8935) Importer(815301076,1909f56bfc062723c751e8b465ee728b)  -> (artifact id: '064b1963f9e81039aaed37411b93f2aa') in 0.005388 seconds 
========================================================================
Received Prepare
Registering precompiled user dll's ...
Registered in 0.093229 seconds.
Begin MonoManager ReloadAssembly
Symbol file LoadedFromMemory is not a mono symbol file
Symbol file LoadedFromMemory is not a mono symbol file
Symbol file LoadedFromMemory is not a mono symbol file
Native extension for WindowsStandalone target not found
Native extension for Android target not found
Native extension for WebGL target not found
Refreshing native plugins compatible for Editor in 6.54 ms, found 2 plugins.
Preloading 0 native plugins for Editor in 0.00 ms.
Mono: successfully reloaded assembly
- Completed reload, in  8.964 seconds
Domain Reload Profiling:
	ReloadAssembly (8968ms)
		BeginReloadAssembly (900ms)
			ExecutionOrderSort (0ms)
			DisableScriptedObjects (43ms)
			BackupInstance (0ms)
			ReleaseScriptingObjects (1ms)
			CreateAndSetChildDomain (209ms)
		EndReloadAssembly (7387ms)
			LoadAssemblies (729ms)
			RebuildTransferFunctionScriptingTraits (0ms)
			SetupTypeCache (1551ms)
			ReleaseScriptCaches (7ms)
			RebuildScriptCaches (375ms)
			SetupLoadedEditorAssemblies (4564ms)
				LogAssemblyErrors (0ms)
				InitializePlatformSupportModulesInManaged (145ms)
				SetLoadedEditorAssemblies (5ms)
				RefreshPlugins (7ms)
				BeforeProcessingInitializeOnLoad (405ms)
				ProcessInitializeOnLoadAttributes (2840ms)
				ProcessInitializeOnLoadMethodAttributes (1127ms)
				AfterProcessingInitializeOnLoad (34ms)
				EditorAssembliesLoaded (2ms)
			ExecutionOrderSort2 (0ms)
			AwakeInstancesAfterBackupRestoration (44ms)
Platform modules already initialized, skipping
Refreshing native plugins compatible for Editor in 117.37 ms, found 2 plugins.
Preloading 0 native plugins for Editor in 0.00 ms.
Unloading 2742 Unused Serialized files (Serialized files now loaded: 0)
Unloading 137 unused Assets / (35.7 KB). Loaded Objects now: 3143.
Memory consumption went from 102.7 MB to 102.6 MB.
Total: 34.530800 ms (FindLiveObjects: 0.959700 ms CreateObjectMapping: 0.382900 ms MarkObjects: 32.381300 ms  DeleteObjects: 0.799200 ms)

AssetImportParameters requested are different than current active one (requested -> active):
  custom:video-decoder-ogg-theora: a1e56fd34408186e4bbccfd4996cb3dc -> 
  custom:container-muxer-webm: aa71ff27fc2769a1b78a27578f13a17b -> 
  custom:container-demuxer-webm: 4f35f7cbe854078d1ac9338744f61a02 -> 
  custom:video-encoder-webm-vp8: eb34c28f22e8b96e1ab97ce403110664 -> 
  custom:audio-encoder-webm-vorbis: bf7c407c2cedff20999df2af8eb42d56 -> 
  custom:framework-win-MediaFoundation: 216162199b28c13a410421893ffa2e32 -> 
  custom:container-demuxer-ogg: 62fdf1f143b41e24485cea50d1cbac27 -> 
  custom:video-decoder-webm-vp8: 9c59270c3fd7afecdb556c50c9e8de78 -> 
  custom:audio-decoder-ogg-vorbis: bf7c407c2cedff20999df2af8eb42d56 -> 
========================================================================
Received Prepare
Registering precompiled user dll's ...
Registered in 0.086928 seconds.
Begin MonoManager ReloadAssembly
Symbol file LoadedFromMemory is not a mono symbol file
Symbol file LoadedFromMemory is not a mono symbol file
Symbol file LoadedFromMemory is not a mono symbol file
Native extension for WindowsStandalone target not found
Native extension for Android target not found
Native extension for WebGL target not found
Refreshing native plugins compatible for Editor in 6.10 ms, found 2 plugins.
Preloading 0 native plugins for Editor in 0.00 ms.
Mono: successfully reloaded assembly
- Completed reload, in 10.317 seconds
Domain Reload Profiling:
	ReloadAssembly (10323ms)
		BeginReloadAssembly (839ms)
			ExecutionOrderSort (0ms)
			DisableScriptedObjects (47ms)
			BackupInstance (0ms)
			ReleaseScriptingObjects (1ms)
			CreateAndSetChildDomain (190ms)
		EndReloadAssembly (8861ms)
			LoadAssemblies (595ms)
			RebuildTransferFunctionScriptingTraits (0ms)
			SetupTypeCache (2681ms)
			ReleaseScriptCaches (8ms)
			RebuildScriptCaches (354ms)
			SetupLoadedEditorAssemblies (4875ms)
				LogAssemblyErrors (0ms)
				InitializePlatformSupportModulesInManaged (141ms)
				SetLoadedEditorAssemblies (3ms)
				RefreshPlugins (6ms)
				BeforeProcessingInitializeOnLoad (371ms)
				ProcessInitializeOnLoadAttributes (1842ms)
				ProcessInitializeOnLoadMethodAttributes (2461ms)
				AfterProcessingInitializeOnLoad (44ms)
				EditorAssembliesLoaded (1ms)
			ExecutionOrderSort2 (0ms)
			AwakeInstancesAfterBackupRestoration (53ms)
Platform modules already initialized, skipping
Refreshing native plugins compatible for Editor in 161.88 ms, found 2 plugins.
Preloading 0 native plugins for Editor in 0.00 ms.
Unloading 2741 Unused Serialized files (Serialized files now loaded: 0)
Unloading 136 unused Assets / (35.7 KB). Loaded Objects now: 3146.
Memory consumption went from 102.6 MB to 102.6 MB.
Total: 38.203500 ms (FindLiveObjects: 1.088200 ms CreateObjectMapping: 0.851700 ms MarkObjects: 36.016300 ms  DeleteObjects: 0.242800 ms)

AssetImportParameters requested are different than current active one (requested -> active):
  custom:video-decoder-ogg-theora: a1e56fd34408186e4bbccfd4996cb3dc -> 
  custom:container-muxer-webm: aa71ff27fc2769a1b78a27578f13a17b -> 
  custom:container-demuxer-webm: 4f35f7cbe854078d1ac9338744f61a02 -> 
  custom:video-encoder-webm-vp8: eb34c28f22e8b96e1ab97ce403110664 -> 
  custom:audio-encoder-webm-vorbis: bf7c407c2cedff20999df2af8eb42d56 -> 
  custom:framework-win-MediaFoundation: 216162199b28c13a410421893ffa2e32 -> 
  custom:container-demuxer-ogg: 62fdf1f143b41e24485cea50d1cbac27 -> 
  custom:video-decoder-webm-vp8: 9c59270c3fd7afecdb556c50c9e8de78 -> 
  custom:audio-decoder-ogg-vorbis: bf7c407c2cedff20999df2af8eb42d56 -> 
